<?xml version="1.0" encoding="UTF-8"?>
<testng-results ignored="0" total="1" passed="1" failed="0" skipped="0">
  <reporter-output>
  </reporter-output>
  <suite started-at="2024-07-26T09:56:07 IST" name="Default suite" finished-at="2024-07-26T09:56:21 IST" duration-ms="13430">
    <groups>
    </groups>
    <test started-at="2024-07-26T09:56:07 IST" name="Default test" finished-at="2024-07-26T09:56:21 IST" duration-ms="13430">
      <class name="TestNGPack.Login_With_xlsFile">
        <test-method is-config="true" signature="OpenBowser()[pri:0, instance:TestNGPack.Login_With_xlsFile@156b88f5]" started-at="2024-07-26T09:56:07 IST" name="OpenBowser" finished-at="2024-07-26T09:56:12 IST" duration-ms="5113" status="PASS">
          <reporter-output>
          </reporter-output>
        </test-method> <!-- OpenBowser -->
        <test-method signature="loginTest()[pri:0, instance:TestNGPack.Login_With_xlsFile@156b88f5]" started-at="2024-07-26T09:56:12 IST" name="loginTest" finished-at="2024-07-26T09:56:19 IST" duration-ms="6557" status="PASS">
          <reporter-output>
          </reporter-output>
        </test-method> <!-- loginTest -->
        <test-method is-config="true" signature="CloseBrowser()[pri:0, instance:TestNGPack.Login_With_xlsFile@156b88f5]" started-at="2024-07-26T09:56:19 IST" name="CloseBrowser" finished-at="2024-07-26T09:56:21 IST" duration-ms="1683" status="PASS">
          <reporter-output>
          </reporter-output>
        </test-method> <!-- CloseBrowser -->
      </class> <!-- TestNGPack.Login_With_xlsFile -->
    </test> <!-- Default test -->
  </suite> <!-- Default suite -->
</testng-results>
