<?xml version="1.0" encoding="UTF-8"?>
<!-- Generated by org.testng.reporters.JUnitXMLReporter -->
<testsuite ignored="0" hostname="LAPTOP-5TIT49CS" failures="1" tests="2" name="SmokeTest" time="11.379" errors="0" timestamp="2024-07-25T10:05:45 IST">
  <testcase classname="TestNGPack.NewTest1" name="verifyTitleOfWebpage" time="0.041">
    <failure type="java.lang.AssertionError" message="expected [rangeHRM - New Level of HR Management] but found [OrangeHRM - New Level of HR Management]">
      <![CDATA[java.lang.AssertionError: expected [rangeHRM - New Level of HR Management] but found [OrangeHRM - New Level of HR Management]
at TestNGPack.NewTest1.verifyTitleOfWebpage(NewTest1.java:19)
at java.base/java.util.ArrayList.forEach(ArrayList.java:1511)
... Removed 33 stack frames]]>
    </failure>
  </testcase> <!-- verifyTitleOfWebpage -->
  <testcase classname="TestNGPack.NewTest2" name="verifyTitleOfWebpage" time="0.039"/>
</testsuite> <!-- SmokeTest -->
